{
  "RSpec": {
    "coverage": {
      "/Users/jacklyndunne/Documents/GitHub/prac_fizz/spec/fizzbuzz_spec.rb": [
        null,
        null,
        1,
        null,
        1,
        5,
        null,
        null,
        null,
        null,
        null,
        null,
        null,
        null,
        null,
        null,
        null,
        null,
        null,
        null,
        null,
        null,
        null,
        null,
        null,
        null,
        null,
        1,
        1,
        1,
        null,
        1,
        1,
        1,
        null,
        1,
        1,
        1,
        null,
        1,
        1,
        1,
        null,
        null,
        null,
        null
      ],
      "/Users/jacklyndunne/Documents/GitHub/prac_fizz/lib/fizzbuzz.rb": [
        null,
        null,
        null,
        1,
        1,
        1,
        4,
        4,
        400,
        24,
        376,
        108,
        268,
        56,
        null,
        212,
        null,
        null,
        null,
        null
      ]
    },
    "timestamp": 1550513841
  }
}
